mode: atomic
github.com/goal-web/collection/aggregate.go:10.72,12.19 2 0
github.com/goal-web/collection/aggregate.go:12.19,13.35 1 0
github.com/goal-web/collection/aggregate.go:13.35,15.4 1 0
github.com/goal-web/collection/aggregate.go:16.8,17.41 1 0
github.com/goal-web/collection/aggregate.go:17.41,19.4 1 0
github.com/goal-web/collection/aggregate.go:21.2,21.8 1 0
github.com/goal-web/collection/aggregate.go:25.72,27.2 1 0
github.com/goal-web/collection/aggregate.go:30.72,31.19 1 0
github.com/goal-web/collection/aggregate.go:31.19,32.35 1 0
github.com/goal-web/collection/aggregate.go:32.35,34.20 2 0
github.com/goal-web/collection/aggregate.go:34.20,36.5 1 0
github.com/goal-web/collection/aggregate.go:36.10,36.72 1 0
github.com/goal-web/collection/aggregate.go:36.72,38.5 1 0
github.com/goal-web/collection/aggregate.go:40.8,41.41 1 0
github.com/goal-web/collection/aggregate.go:41.41,42.20 1 0
github.com/goal-web/collection/aggregate.go:42.20,44.5 1 0
github.com/goal-web/collection/aggregate.go:44.10,44.104 1 0
github.com/goal-web/collection/aggregate.go:44.104,46.5 1 0
github.com/goal-web/collection/aggregate.go:49.2,49.8 1 0
github.com/goal-web/collection/aggregate.go:53.72,54.19 1 0
github.com/goal-web/collection/aggregate.go:54.19,55.35 1 0
github.com/goal-web/collection/aggregate.go:55.35,57.20 2 0
github.com/goal-web/collection/aggregate.go:57.20,59.5 1 0
github.com/goal-web/collection/aggregate.go:59.10,59.72 1 0
github.com/goal-web/collection/aggregate.go:59.72,61.5 1 0
github.com/goal-web/collection/aggregate.go:63.8,64.41 1 0
github.com/goal-web/collection/aggregate.go:64.41,65.20 1 0
github.com/goal-web/collection/aggregate.go:65.20,67.5 1 0
github.com/goal-web/collection/aggregate.go:67.10,67.104 1 0
github.com/goal-web/collection/aggregate.go:67.104,69.5 1 0
github.com/goal-web/collection/aggregate.go:72.2,72.8 1 0
github.com/goal-web/collection/aggregate.go:75.39,76.16 1 0
github.com/goal-web/collection/aggregate.go:76.16,78.3 1 0
github.com/goal-web/collection/aggregate.go:79.2,79.10 1 0
github.com/goal-web/collection/aggregate.go:82.60,83.19 1 0
github.com/goal-web/collection/aggregate.go:83.19,84.35 1 0
github.com/goal-web/collection/aggregate.go:84.35,86.4 1 0
github.com/goal-web/collection/aggregate.go:87.8,88.41 1 0
github.com/goal-web/collection/aggregate.go:88.41,90.4 1 0
github.com/goal-web/collection/aggregate.go:92.2,92.8 1 0
github.com/goal-web/collection/aggregate.go:95.60,96.19 1 0
github.com/goal-web/collection/aggregate.go:96.19,97.35 1 0
github.com/goal-web/collection/aggregate.go:97.35,99.14 2 0
github.com/goal-web/collection/aggregate.go:99.14,101.5 1 0
github.com/goal-web/collection/aggregate.go:101.10,101.26 1 0
github.com/goal-web/collection/aggregate.go:101.26,103.5 1 0
github.com/goal-web/collection/aggregate.go:105.8,106.52 1 0
github.com/goal-web/collection/aggregate.go:106.52,107.18 1 0
github.com/goal-web/collection/aggregate.go:107.18,109.5 1 0
github.com/goal-web/collection/aggregate.go:109.10,109.74 1 0
github.com/goal-web/collection/aggregate.go:109.74,111.5 1 0
github.com/goal-web/collection/aggregate.go:114.2,114.8 1 0
github.com/goal-web/collection/aggregate.go:117.60,118.19 1 0
github.com/goal-web/collection/aggregate.go:118.19,119.35 1 0
github.com/goal-web/collection/aggregate.go:119.35,121.14 2 0
github.com/goal-web/collection/aggregate.go:121.14,123.5 1 0
github.com/goal-web/collection/aggregate.go:123.10,123.26 1 0
github.com/goal-web/collection/aggregate.go:123.26,125.5 1 0
github.com/goal-web/collection/aggregate.go:127.8,128.52 1 0
github.com/goal-web/collection/aggregate.go:128.52,129.18 1 0
github.com/goal-web/collection/aggregate.go:129.18,131.5 1 0
github.com/goal-web/collection/aggregate.go:131.10,131.74 1 0
github.com/goal-web/collection/aggregate.go:131.74,133.5 1 0
github.com/goal-web/collection/aggregate.go:136.2,136.8 1 0
github.com/goal-web/collection/aggregate.go:139.54,141.2 1 0
github.com/goal-web/collection/collecion.go:15.51,17.2 1 0
github.com/goal-web/collection/collecion.go:19.47,20.25 1 0
github.com/goal-web/collection/collecion.go:20.25,22.3 1 0
github.com/goal-web/collection/collecion.go:23.2,23.12 1 0
github.com/goal-web/collection/collecion.go:26.42,28.2 1 0
github.com/goal-web/collection/collecion.go:30.68,31.34 1 0
github.com/goal-web/collection/collecion.go:32.37,33.46 1 0
github.com/goal-web/collection/collecion.go:33.46,35.4 1 0
github.com/goal-web/collection/collecion.go:36.48,37.50 1 0
github.com/goal-web/collection/collecion.go:37.50,39.4 1 0
github.com/goal-web/collection/collecion.go:40.42,42.44 2 0
github.com/goal-web/collection/collecion.go:42.44,43.20 1 0
github.com/goal-web/collection/collecion.go:43.20,45.5 1 0
github.com/goal-web/collection/collecion.go:47.3,47.22 1 0
github.com/goal-web/collection/collecion.go:48.15,49.34 1 0
github.com/goal-web/collection/collecion.go:49.34,51.4 1 0
github.com/goal-web/collection/collecion.go:52.29,53.34 1 0
github.com/goal-web/collection/collecion.go:53.34,55.4 1 0
github.com/goal-web/collection/collecion.go:56.30,57.34 1 0
github.com/goal-web/collection/collecion.go:57.34,59.4 1 0
github.com/goal-web/collection/collecion.go:60.20,62.34 2 0
github.com/goal-web/collection/collecion.go:62.34,63.20 1 0
github.com/goal-web/collection/collecion.go:63.20,65.5 1 0
github.com/goal-web/collection/collecion.go:67.3,67.22 1 0
github.com/goal-web/collection/collecion.go:68.25,70.34 2 0
github.com/goal-web/collection/collecion.go:70.34,71.23 1 0
github.com/goal-web/collection/collecion.go:71.23,73.5 1 0
github.com/goal-web/collection/collecion.go:75.3,75.22 1 0
github.com/goal-web/collection/collecion.go:76.17,77.34 1 0
github.com/goal-web/collection/collecion.go:77.34,79.4 1 0
github.com/goal-web/collection/collecion.go:80.3,80.21 1 0
github.com/goal-web/collection/collecion.go:81.17,82.34 1 0
github.com/goal-web/collection/collecion.go:82.34,84.4 1 0
github.com/goal-web/collection/collecion.go:85.21,86.38 1 0
github.com/goal-web/collection/collecion.go:86.38,88.10 2 0
github.com/goal-web/collection/collecion.go:88.10,91.5 2 0
github.com/goal-web/collection/collecion.go:93.10,96.58 3 0
github.com/goal-web/collection/collecion.go:96.58,98.4 1 0
github.com/goal-web/collection/collecion.go:99.3,101.30 2 0
github.com/goal-web/collection/collecion.go:102.10,103.54 1 0
github.com/goal-web/collection/collecion.go:103.54,105.5 1 0
github.com/goal-web/collection/collecion.go:106.10,107.58 1 0
github.com/goal-web/collection/collecion.go:107.58,112.5 1 0
github.com/goal-web/collection/collecion.go:113.10,115.58 2 0
github.com/goal-web/collection/collecion.go:115.58,121.5 1 0
github.com/goal-web/collection/collecion.go:124.3,124.17 1 0
github.com/goal-web/collection/collecion.go:124.17,126.39 2 0
github.com/goal-web/collection/collecion.go:126.39,129.5 2 0
github.com/goal-web/collection/collecion.go:130.4,130.24 1 0
github.com/goal-web/collection/collecion.go:131.9,132.39 1 0
github.com/goal-web/collection/collecion.go:132.39,134.5 1 0
github.com/goal-web/collection/collecion.go:139.2,139.12 1 0
github.com/goal-web/collection/collecion.go:142.90,143.24 1 0
github.com/goal-web/collection/collecion.go:144.22,145.50 1 0
github.com/goal-web/collection/collecion.go:146.19,147.46 1 0
github.com/goal-web/collection/collecion.go:148.21,149.48 1 0
github.com/goal-web/collection/collecion.go:150.23,151.50 1 0
github.com/goal-web/collection/collecion.go:152.23,153.48 1 0
github.com/goal-web/collection/collecion.go:154.20,155.51 1 0
github.com/goal-web/collection/collecion.go:157.2,157.48 1 0
github.com/goal-web/collection/collecion.go:157.48,159.3 1 0
github.com/goal-web/collection/collecion.go:160.2,160.29 1 0
github.com/goal-web/collection/collect.go:9.87,11.2 1 0
github.com/goal-web/collection/collect.go:13.58,15.2 1 0
github.com/goal-web/collection/collect.go:17.52,20.31 2 0
github.com/goal-web/collection/collect.go:20.31,22.3 1 0
github.com/goal-web/collection/collect.go:24.2,24.13 1 0
github.com/goal-web/collection/convert.go:13.41,15.2 1 0
github.com/goal-web/collection/convert.go:17.46,19.33 2 0
github.com/goal-web/collection/convert.go:19.33,21.3 1 0
github.com/goal-web/collection/convert.go:22.2,22.14 1 0
github.com/goal-web/collection/convert.go:25.55,27.37 2 0
github.com/goal-web/collection/convert.go:27.37,29.3 1 0
github.com/goal-web/collection/convert.go:30.2,30.15 1 0
github.com/goal-web/collection/convert.go:33.62,34.25 1 0
github.com/goal-web/collection/convert.go:34.25,36.34 2 0
github.com/goal-web/collection/convert.go:36.34,38.4 1 0
github.com/goal-web/collection/convert.go:41.2,41.21 1 0
github.com/goal-web/collection/convert.go:44.43,46.25 2 0
github.com/goal-web/collection/convert.go:46.25,47.55 1 0
github.com/goal-web/collection/convert.go:47.55,50.4 2 0
github.com/goal-web/collection/convert.go:51.3,52.17 2 0
github.com/goal-web/collection/convert.go:52.17,54.4 1 0
github.com/goal-web/collection/convert.go:55.3,55.45 1 0
github.com/goal-web/collection/convert.go:58.2,58.56 1 0
github.com/goal-web/collection/convert.go:61.43,63.2 1 0
github.com/goal-web/collection/exceptions.go:12.35,14.2 1 0
github.com/goal-web/collection/exceptions.go:16.54,18.2 1 0
github.com/goal-web/collection/filter.go:9.84,11.33 2 0
github.com/goal-web/collection/filter.go:11.33,12.22 1 0
github.com/goal-web/collection/filter.go:12.22,14.4 1 0
github.com/goal-web/collection/filter.go:16.2,16.21 1 0
github.com/goal-web/collection/filter.go:20.83,22.33 2 0
github.com/goal-web/collection/filter.go:22.33,23.24 1 0
github.com/goal-web/collection/filter.go:23.24,25.4 1 0
github.com/goal-web/collection/filter.go:27.2,27.21 1 0
github.com/goal-web/collection/filter.go:31.80,32.33 1 0
github.com/goal-web/collection/filter.go:32.33,34.3 1 0
github.com/goal-web/collection/filter.go:35.2,35.12 1 0
github.com/goal-web/collection/filter.go:39.79,41.33 2 0
github.com/goal-web/collection/filter.go:41.33,43.3 1 0
github.com/goal-web/collection/filter.go:44.2,44.21 1 0
github.com/goal-web/collection/filter.go:48.84,51.19 3 0
github.com/goal-web/collection/filter.go:52.9,53.16 1 0
github.com/goal-web/collection/filter.go:54.9,56.16 2 0
github.com/goal-web/collection/filter.go:58.2,58.52 1 0
github.com/goal-web/collection/filter.go:58.52,60.3 1 0
github.com/goal-web/collection/filter.go:63.82,65.2 1 0
github.com/goal-web/collection/filter.go:66.83,68.2 1 0
github.com/goal-web/collection/filter.go:69.82,71.2 1 0
github.com/goal-web/collection/filter.go:72.83,74.2 1 0
github.com/goal-web/collection/filter.go:75.82,77.2 1 0
github.com/goal-web/collection/filter.go:78.85,80.2 1 0
github.com/goal-web/collection/operate.go:9.58,12.47 2 0
github.com/goal-web/collection/operate.go:12.47,14.47 2 0
github.com/goal-web/collection/operate.go:14.47,16.4 1 0
github.com/goal-web/collection/operate.go:19.2,19.15 1 0
github.com/goal-web/collection/operate.go:22.62,25.47 2 0
github.com/goal-web/collection/operate.go:25.47,28.3 2 0
github.com/goal-web/collection/operate.go:30.2,30.13 1 0
github.com/goal-web/collection/operate.go:33.72,36.47 2 0
github.com/goal-web/collection/operate.go:36.47,38.32 2 0
github.com/goal-web/collection/operate.go:38.32,39.29 1 0
github.com/goal-web/collection/operate.go:39.29,41.5 1 0
github.com/goal-web/collection/operate.go:43.3,43.52 1 0
github.com/goal-web/collection/operate.go:46.2,46.24 1 0
github.com/goal-web/collection/operate.go:49.45,51.22 2 0
github.com/goal-web/collection/operate.go:51.22,53.3 1 0
github.com/goal-web/collection/operate.go:54.2,54.27 1 0
github.com/goal-web/collection/operate.go:57.44,59.22 2 0
github.com/goal-web/collection/operate.go:59.22,61.3 1 0
github.com/goal-web/collection/operate.go:62.2,62.42 1 0
github.com/goal-web/collection/operate.go:65.71,67.2 1 0
github.com/goal-web/collection/operate.go:69.68,71.2 1 0
github.com/goal-web/collection/operate.go:73.61,75.12 2 0
github.com/goal-web/collection/operate.go:75.12,78.3 2 0
github.com/goal-web/collection/operate.go:78.8,78.34 1 0
github.com/goal-web/collection/operate.go:78.34,80.3 1 0
github.com/goal-web/collection/operate.go:82.2,82.22 1 0
github.com/goal-web/collection/operate.go:85.62,87.12 2 0
github.com/goal-web/collection/operate.go:87.12,90.3 2 0
github.com/goal-web/collection/operate.go:90.8,90.34 1 0
github.com/goal-web/collection/operate.go:90.34,92.3 1 0
github.com/goal-web/collection/operate.go:94.2,94.22 1 0
github.com/goal-web/collection/operate.go:97.77,98.25 1 0
github.com/goal-web/collection/operate.go:98.25,101.3 2 0
github.com/goal-web/collection/operate.go:102.2,102.23 1 0
github.com/goal-web/collection/operate.go:105.74,106.25 1 0
github.com/goal-web/collection/operate.go:106.25,108.3 1 0
github.com/goal-web/collection/operate.go:109.2,109.23 1 0
github.com/goal-web/collection/operate.go:112.97,115.41 2 0
github.com/goal-web/collection/operate.go:115.41,117.3 1 0
github.com/goal-web/collection/operate.go:119.2,119.22 1 0
github.com/goal-web/collection/operate.go:122.61,124.84 2 0
github.com/goal-web/collection/operate.go:124.84,126.3 1 0
github.com/goal-web/collection/operate.go:127.2,127.22 1 0
github.com/goal-web/collection/operate.go:130.121,133.43 3 0
github.com/goal-web/collection/operate.go:133.43,136.23 3 0
github.com/goal-web/collection/operate.go:136.23,138.4 1 0
github.com/goal-web/collection/operate.go:139.3,142.9 3 0
github.com/goal-web/collection/operate.go:145.2,145.8 1 0
github.com/goal-web/collection/operate.go:148.72,150.19 2 0
github.com/goal-web/collection/operate.go:150.19,152.3 1 0
github.com/goal-web/collection/operate.go:153.2,154.24 2 0
github.com/goal-web/collection/operate.go:154.24,155.67 1 0
github.com/goal-web/collection/operate.go:155.67,157.4 1 0
github.com/goal-web/collection/operate.go:159.2,159.22 1 0
github.com/goal-web/collection/sort.go:8.37,10.2 1 0
github.com/goal-web/collection/sort.go:12.42,14.2 1 0
github.com/goal-web/collection/sort.go:16.47,17.23 1 0
github.com/goal-web/collection/sort.go:17.23,19.3 1 0
github.com/goal-web/collection/sort.go:20.2,20.14 1 0
github.com/goal-web/collection/sort.go:23.89,26.2 2 0
github.com/goal-web/collection/sort.go:29.90,31.46 2 0
github.com/goal-web/collection/sort.go:31.46,33.3 1 0
github.com/goal-web/collection/sort.go:35.2,37.22 2 0
